


ARM Macro Assembler    Page 1 


    1 00000000                 AREA             ARMex, CODE, READONLY
    2 00000000                 ENTRY
    3 00000000         
    4 00000000         start
    5 00000000 E59F005C        LDR              r0, TEMPADDR1
    6 00000004 E3A01000        MOV              r1, #0
    7 00000008         
    8 00000008 E3A02001        MOV              r2, #1
    9 0000000C E4802004        STR              r2, [r0], #4 ; store 1!
   10 00000010         
   11 00000010 E1A02082        MOV              r2, r2, LSL #1
   12 00000014 E4802004        STR              r2, [r0], #4 ; store 2!
   13 00000018         
   14 00000018 E0822102        ADD              r2, r2, r2, LSL #2
   15 0000001C E4802004        STR              r2, [r0], #4 ; store 3!
   16 00000020         
   17 00000020 E1A02102        MOV              r2, r2, LSL #2
   18 00000024 E4802004        STR              r2, [r0], #4 ; store 4!
   19 00000028         
   20 00000028 E0822102        ADD              r2, r2, r2, LSL #2
   21 0000002C E4802004        STR              r2, [r0], #4 ; store 5!
   22 00000030         
   23 00000030 E0822082        ADD              r2, r2, r2, LSL #1
   24 00000034 E1A02082        MOV              r2, r2, LSL #1
   25 00000038 E4802004        STR              r2, [r0], #4 ; store 6!
   26 0000003C         
   27 0000003C E1A01182        MOV              r1, r2, LSL #3
   28 00000040 E0412002        SUB              r2, r1 , r2
   29 00000044 E4802004        STR              r2, [r0], #4 ; store 7!
   30 00000048         
   31 00000048 E1A02182        MOV              r2, r2, LSL #3
   32 0000004C E4802004        STR              r2, [r0], #4 ; store 8!
   33 00000050         
   34 00000050 E0822182        ADD              r2, r2, r2, LSL #3
   35 00000054 E4802004        STR              r2, [r0], #4 ; store 9!
   36 00000058         
   37 00000058 E1A01182        MOV              r1, r2, LSL #3
   38 0000005C E0812082        ADD              r2, r1, r2, LSL #1
   39 00000060 E4802004        STR              r2, [r0], #4 ; store 10!
   40 00000064         
   41 00000064         
   42 00000064         
   43 00000064 00040000 
                       TEMPADDR1
                               &                &40000
   44 00000068         
   45 00000068 E1A0F00E        MOV              pc, lr
   46 0000006C                 END
Command Line: --debug --xref --diag_suppress=9931 --cpu=ARM9E --apcs=interwork 
--depend=.\objects\problem1.d -o.\objects\problem1.o -IC:\Keil_v5\ARM\RV31\INC 
-IC:\Keil_v5\ARM\CMSIS\Include --predefine="__EVAL SETA 1" --predefine="__UVISI
ON_VERSION SETA 529" --list=.\listings\problem1.lst problem1.s



ARM Macro Assembler    Page 1 Alphabetic symbol ordering
Relocatable symbols

ARMex 00000000

Symbol: ARMex
   Definitions
      At line 1 in file problem1.s
   Uses
      None
Comment: ARMex unused
TEMPADDR1 00000064

Symbol: TEMPADDR1
   Definitions
      At line 43 in file problem1.s
   Uses
      At line 5 in file problem1.s
Comment: TEMPADDR1 used once
start 00000000

Symbol: start
   Definitions
      At line 4 in file problem1.s
   Uses
      None
Comment: start unused
3 symbols
335 symbols in table
