


ARM Macro Assembler    Page 1 


    1 00000000                 AREA             ARMex, CODE, READONLY
    2 00000000                 ENTRY
    3 00000000         
    4 00000000         start
    5 00000000 E59F001C        LDR              r0, TEMPADDR1
    6 00000004 E3A0100B        MOV              r1, #11
    7 00000008 E5801000        STR              r1, [r0]
    8 0000000C         
    9 0000000C E3A0200A        MOV              r2, #10
   10 00000010 E5D03000        LDRB             r3, [r0]
   11 00000014 E1530002        CMP              r3, r2
   12 00000018         
   13 00000018 C3A05001        MOVGT            r5, #1
   14 0000001C B3A05002        MOVLT            r5, #2
   15 00000020 03A05003        MOVEQ            r5, #3
   16 00000024         
   17 00000024         
   18 00000024 00001000 
                       TEMPADDR1
                               &                &00001000
   19 00000028         
   20 00000028 E1A0F00E        MOV              pc, lr
   21 0000002C                 END
Command Line: --debug --xref --diag_suppress=9931 --cpu=ARM9E --apcs=interwork 
--depend=.\objects\problem1.d -o.\objects\problem1.o -IC:\Keil_v5\ARM\RV31\INC 
-IC:\Keil_v5\ARM\CMSIS\Include --predefine="__EVAL SETA 1" --predefine="__UVISI
ON_VERSION SETA 529" --list=.\listings\problem1.lst problem1.s



ARM Macro Assembler    Page 1 Alphabetic symbol ordering
Relocatable symbols

ARMex 00000000

Symbol: ARMex
   Definitions
      At line 1 in file problem1.s
   Uses
      None
Comment: ARMex unused
TEMPADDR1 00000024

Symbol: TEMPADDR1
   Definitions
      At line 18 in file problem1.s
   Uses
      At line 5 in file problem1.s
Comment: TEMPADDR1 used once
start 00000000

Symbol: start
   Definitions
      At line 4 in file problem1.s
   Uses
      None
Comment: start unused
3 symbols
335 symbols in table
