


ARM Macro Assembler    Page 1 


    1 00000000                 AREA             ARMex, CODE, READONLY
    2 00000000                 ENTRY
    3 00000000         
    4 00000000         Start
    5 00000000 E59F002C        LDR              r0, TEMPADDR1
    6 00000004 E59F103C        LDR              r1, =string1
    7 00000008 E3A03000        MOV              r3, #0
    8 0000000C EAFFFFFF        B                loop
    9 00000010         
   10 00000010         loop
   11 00000010 E5D12000        LDRB             r2, [r1]
   12 00000014 E2811001        ADD              r1, r1, #1
   13 00000018 E2833001        ADD              r3, r3, #1
   14 0000001C E3520000        CMP              r2, #0
   15 00000020 0A000000        BEQ              done
   16 00000024 EAFFFFF9        B                loop
   17 00000028         
   18 00000028         done
   19 00000028 E2433001        SUB              r3, r3, #1
   20 0000002C E5803000        STR              r3, [r0]
   21 00000030 E1A0F00E        MOV              pc, lr
   22 00000034         
   23 00000034 00040000 
                       TEMPADDR1
                               &                &40000
   24 00000038 48 65 6C 
              6C 6F 2C 
              20 57 6F 
              72 6C 64 
              21 00    string1 DCB              "Hello, World!", 0
   25 00000046         
   26 00000046                 END
              00 00 00000000 
Command Line: --debug --xref --diag_suppress=9931 --cpu=ARM9E --apcs=interwork 
--depend=.\objects\problem2.d -o.\objects\problem2.o -IC:\Keil_v5\ARM\RV31\INC 
-IC:\Keil_v5\ARM\CMSIS\Include --predefine="__EVAL SETA 1" --predefine="__UVISI
ON_VERSION SETA 529" --list=.\listings\problem2.lst problem2.s



ARM Macro Assembler    Page 1 Alphabetic symbol ordering
Relocatable symbols

ARMex 00000000

Symbol: ARMex
   Definitions
      At line 1 in file problem2.s
   Uses
      None
Comment: ARMex unused
Start 00000000

Symbol: Start
   Definitions
      At line 4 in file problem2.s
   Uses
      None
Comment: Start unused
TEMPADDR1 00000034

Symbol: TEMPADDR1
   Definitions
      At line 23 in file problem2.s
   Uses
      At line 5 in file problem2.s
Comment: TEMPADDR1 used once
done 00000028

Symbol: done
   Definitions
      At line 18 in file problem2.s
   Uses
      At line 15 in file problem2.s
Comment: done used once
loop 00000010

Symbol: loop
   Definitions
      At line 10 in file problem2.s
   Uses
      At line 8 in file problem2.s
      At line 16 in file problem2.s

string1 00000038

Symbol: string1
   Definitions
      At line 24 in file problem2.s
   Uses
      At line 6 in file problem2.s
Comment: string1 used once
6 symbols
340 symbols in table
