


ARM Macro Assembler    Page 1 


    1 00000000                 AREA             ARMex, CODE, READONLY
    2 00000000                 ENTRY
    3 00000000         
    4 00000000         start
    5 00000000 E59F008C        LDR              r0, TEMPADDR1
    6 00000004 E3A01000        MOV              r1, #0
    7 00000008 E3A02001        MOV              r2, #1
    8 0000000C         
    9 0000000C EAFFFFFF        B                Example1
   10 00000010         
   11 00000010         Example1                             ; Loop
   12 00000010 E0811002        ADD              r1, r2
   13 00000014 E2822001        ADD              r2, r2, #1
   14 00000018 E352000B        CMP              r2, #11
   15 0000001C 1AFFFFFB        BNE              Example1
   16 00000020 E4801004        STR              r1, [r0], #4
   17 00000024         
   18 00000024         Example2                             ; n(n+1)/2
   19 00000024 E3A0100A        MOV              r1, #10
   20 00000028 E2812001        ADD              r2, r1, 1
   21 0000002C E0030291        MUL              r3, r1, r2
   22 00000030 E1A010A3        LSR              r1, r3, 1
   23 00000034 E4801004        STR              r1, [r0], #4
   24 00000038         
   25 00000038         Example3                             ; Unlooping
   26 00000038 E3A01000        MOV              r1, #0
   27 0000003C E3A02001        MOV              r2, #1
   28 00000040 E0811002        ADD              r1, r2
   29 00000044 E2822001        ADD              r2, #1
   30 00000048 E0811002        ADD              r1, r2
   31 0000004C E2822001        ADD              r2, #1
   32 00000050 E0811002        ADD              r1, r2
   33 00000054 E2822001        ADD              r2, #1
   34 00000058 E0811002        ADD              r1, r2
   35 0000005C E2822001        ADD              r2, #1
   36 00000060 E0811002        ADD              r1, r2
   37 00000064 E2822001        ADD              r2, #1
   38 00000068 E0811002        ADD              r1, r2
   39 0000006C E2822001        ADD              r2, #1
   40 00000070 E0811002        ADD              r1, r2
   41 00000074 E2822001        ADD              r2, #1
   42 00000078 E0811002        ADD              r1, r2
   43 0000007C E2822001        ADD              r2, #1
   44 00000080 E0811002        ADD              r1, r2
   45 00000084 E2822001        ADD              r2, #1
   46 00000088 E0811002        ADD              r1, r2
   47 0000008C E2822001        ADD              r2, #1
   48 00000090 E5801000        STR              r1, [r0]
   49 00000094         
   50 00000094         
   51 00000094         
   52 00000094 00040000 
                       TEMPADDR1
                               &                &40000
   53 00000098         
   54 00000098 E1A0F00E        MOV              pc, lr
   55 0000009C                 END
Command Line: --debug --xref --diag_suppress=9931 --cpu=ARM9E --apcs=interwork 
--depend=.\objects\problem3.d -o.\objects\problem3.o -IC:\Keil_v5\ARM\RV31\INC 



ARM Macro Assembler    Page 2 


-IC:\Keil_v5\ARM\CMSIS\Include --predefine="__EVAL SETA 1" --predefine="__UVISI
ON_VERSION SETA 529" --list=.\listings\problem3.lst problem3.s



ARM Macro Assembler    Page 1 Alphabetic symbol ordering
Relocatable symbols

ARMex 00000000

Symbol: ARMex
   Definitions
      At line 1 in file problem3.s
   Uses
      None
Comment: ARMex unused
Example1 00000010

Symbol: Example1
   Definitions
      At line 11 in file problem3.s
   Uses
      At line 9 in file problem3.s
      At line 15 in file problem3.s

Example2 00000024

Symbol: Example2
   Definitions
      At line 18 in file problem3.s
   Uses
      None
Comment: Example2 unused
Example3 00000038

Symbol: Example3
   Definitions
      At line 25 in file problem3.s
   Uses
      None
Comment: Example3 unused
TEMPADDR1 00000094

Symbol: TEMPADDR1
   Definitions
      At line 52 in file problem3.s
   Uses
      At line 5 in file problem3.s
Comment: TEMPADDR1 used once
start 00000000

Symbol: start
   Definitions
      At line 4 in file problem3.s
   Uses
      None
Comment: start unused
6 symbols
338 symbols in table
