


ARM Macro Assembler    Page 1 


    1 00000000                 AREA             ARMex, CODE, READONLY
    2 00000000                 ENTRY
    3 00000000         
    4 00000000         start
    5 00000000 E3A00001        MOV              r0, #1
    6 00000004 E3A01002        MOV              r1, #2
    7 00000008 E3A02003        MOV              r2, #3
    8 0000000C E3A03004        MOV              r3, #4
    9 00000010 E59F4024        LDR              r4, TEMPADDR1
   10 00000014         
   11 00000014 E4C40001        STRB             r0, [r4], #1
   12 00000018 E4C41001        STRB             r1, [r4], #1
   13 0000001C E4C42001        STRB             r2, [r4], #1
   14 00000020 E4443003        STRB             r3, [r4], #-3
   15 00000024 E5945000        LDR              r5, [r4]
   16 00000028         
   17 00000028 E4C43001        STRB             r3, [r4], #1
   18 0000002C E4C42001        STRB             r2, [r4], #1
   19 00000030 E4C41001        STRB             r1, [r4], #1
   20 00000034 E4440003        STRB             r0, [r4], #-3
   21 00000038 E5946000        LDR              r6, [r4]
   22 0000003C         
   23 0000003C         
   24 0000003C         
   25 0000003C 00001000 
                       TEMPADDR1
                               &                &00001000
   26 00000040         
   27 00000040         
   28 00000040 E1A0F00E        MOV              pc, lr
   29 00000044                 END
Command Line: --debug --xref --diag_suppress=9931 --cpu=ARM9E --apcs=interwork 
--depend=.\objects\problem2.d -o.\objects\problem2.o -IC:\Keil_v5\ARM\RV31\INC 
-IC:\Keil_v5\ARM\CMSIS\Include --predefine="__EVAL SETA 1" --predefine="__UVISI
ON_VERSION SETA 529" --list=.\listings\problem2.lst problem2.s



ARM Macro Assembler    Page 1 Alphabetic symbol ordering
Relocatable symbols

ARMex 00000000

Symbol: ARMex
   Definitions
      At line 1 in file problem2.s
   Uses
      None
Comment: ARMex unused
TEMPADDR1 0000003C

Symbol: TEMPADDR1
   Definitions
      At line 25 in file problem2.s
   Uses
      At line 9 in file problem2.s
Comment: TEMPADDR1 used once
start 00000000

Symbol: start
   Definitions
      At line 4 in file problem2.s
   Uses
      None
Comment: start unused
3 symbols
335 symbols in table
