


ARM Macro Assembler    Page 1 


    1 00000000                 AREA             code_area, CODE, READONLY
    2 00000000                 ENTRY
    3 00000000         
    4 00000000 00000450 
                       float_number_series
                               EQU              0x0450
    5 00000000 00018AEC 
                       sorted_number_series
                               EQU              0x00018AEC
    6 00000000 00031190 
                       final_result_series
                               EQU              0x00031190
    7 00000000         
    8 00000000         ;========== Do not change this area ===========
    9 00000000         
   10 00000000         initialization
   11 00000000 E59F0058        LDR              r0, =0xDEADBEEF ; seed for rand
                                                            om number
   12 00000004 E3A01E45        LDR              r1, =float_number_series
   13 00000008 E59F2054        LDR              r2, =10000  ; The number of ele
                                                            ment in stored sere
                                                            is
   14 0000000C E59F3054        LDR              r3, =0x0EACBA90 ; constant for 
                                                            random number
   15 00000010         
   16 00000010         save_float_series
   17 00000010 E3520000        CMP              r2, #0
   18 00000014 0A00000F        BEQ              ms_init
   19 00000018 EB000003        BL               random_float_number
   20 0000001C E4810004        STR              r0, [r1], #4
   21 00000020 E2422001        SUB              r2, r2, #1
   22 00000024 E3A05000        MOV              r5, #0
   23 00000028 EAFFFFF8        B                save_float_series
   24 0000002C         
   25 0000002C         random_float_number
   26 0000002C E1A0500E        MOV              r5, LR
   27 00000030 E0200003        EOR              r0, r0, r3
   28 00000034 E0203163        EOR              r3, r0, r3, ROR #2
   29 00000038 E1500001        CMP              r0, r1
   30 0000003C AB000001        BLGE             shift_left
   31 00000040 BB000002        BLLT             shift_right
   32 00000044 E12FFF15        BX               r5
   33 00000048         
   34 00000048         shift_left
   35 00000048 E1A00080        LSL              r0, r0, #1
   36 0000004C E12FFF1E        BX               LR
   37 00000050         
   38 00000050         shift_right
   39 00000050 E1A000A0        LSR              r0, r0, #1
   40 00000054 E12FFF1E        BX               LR
   41 00000058         
   42 00000058         ;============================================
   43 00000058         
   44 00000058         ;========== Start your code here ===========
   45 00000058         
   46 00000058         ms_init
   47 00000058 E3A01E45        LDR              r1, =float_number_series
   48 0000005C E59F2000        LDR              r2, =10000  ; The number of ele
                                                            ment in stored sere



ARM Macro Assembler    Page 2 


                                                            is
   49 00000060         
   50 00000060         
   51 00000060         exit
   52 00000060                 END
              DEADBEEF 
              00002710 
              0EACBA90 
Command Line: --debug --xref --diag_suppress=9931 --cpu=ARM9E --apcs=interwork 
--depend=.\objects\source_1.d -o.\objects\source_1.o -IC:\Keil_v5\ARM\RV31\INC 
-IC:\Keil_v5\ARM\CMSIS\Include --predefine="__EVAL SETA 1" --predefine="__UVISI
ON_VERSION SETA 529" --list=.\listings\source_1.lst source_1.s



ARM Macro Assembler    Page 1 Alphabetic symbol ordering
Relocatable symbols

code_area 00000000

Symbol: code_area
   Definitions
      At line 1 in file source_1.s
   Uses
      None
Comment: code_area unused
exit 00000060

Symbol: exit
   Definitions
      At line 51 in file source_1.s
   Uses
      None
Comment: exit unused
initialization 00000000

Symbol: initialization
   Definitions
      At line 10 in file source_1.s
   Uses
      None
Comment: initialization unused
ms_init 00000058

Symbol: ms_init
   Definitions
      At line 46 in file source_1.s
   Uses
      At line 18 in file source_1.s
Comment: ms_init used once
random_float_number 0000002C

Symbol: random_float_number
   Definitions
      At line 25 in file source_1.s
   Uses
      At line 19 in file source_1.s
Comment: random_float_number used once
save_float_series 00000010

Symbol: save_float_series
   Definitions
      At line 16 in file source_1.s
   Uses
      At line 23 in file source_1.s
Comment: save_float_series used once
shift_left 00000048

Symbol: shift_left
   Definitions
      At line 34 in file source_1.s
   Uses
      At line 30 in file source_1.s
Comment: shift_left used once
shift_right 00000050

Symbol: shift_right



ARM Macro Assembler    Page 2 Alphabetic symbol ordering
Relocatable symbols

   Definitions
      At line 38 in file source_1.s
   Uses
      At line 31 in file source_1.s
Comment: shift_right used once
8 symbols



ARM Macro Assembler    Page 1 Alphabetic symbol ordering
Absolute symbols

final_result_series 00031190

Symbol: final_result_series
   Definitions
      At line 6 in file source_1.s
   Uses
      None
Comment: final_result_series unused
float_number_series 00000450

Symbol: float_number_series
   Definitions
      At line 4 in file source_1.s
   Uses
      At line 12 in file source_1.s
      At line 47 in file source_1.s

sorted_number_series 00018AEC

Symbol: sorted_number_series
   Definitions
      At line 5 in file source_1.s
   Uses
      None
Comment: sorted_number_series unused
3 symbols
345 symbols in table
