


ARM Macro Assembler    Page 1 


    1 00000000 0000000D 
                       CR      EQU              0x0D
    2 00000000         
    3 00000000                 AREA             ARMex, CODE, READONLY
    4 00000000                 ENTRY
    5 00000000         
    6 00000000         start
    7 00000000 E59F006C        LDR              r0, =k
    8 00000004 E3A03001        MOV              r3, #1
    9 00000008 E5C03000        STRB             r3, [r0]    ; save 1 to k
   10 0000000C E59F1064        LDR              r1, =Arr1   ; first string
   11 00000010 E59F2064        LDR              r2, =Arr2   ; second string
   12 00000014 EB000001        BL               copy_arr_wo_space
   13 00000018 E5C10000        STRB             r0, [r1]    ; store length to k
                                                            
   14 0000001C EA00000E        B                endline
   15 00000020         
   16 00000020         copy_arr_wo_space
   17 00000020 E92D003F        STMFD            sp!, {r0-r5}
   18 00000024 E3A03000        MOV              r3, #0      ; same as i
   19 00000028 E3A04000        MOV              r4, #0      ; same as j
   20 0000002C E3A05000        MOV              r5, #0      ; length of arr1
   21 00000030         
   22 00000030         copy_arr1_to_arr2
   23 00000030 E4D10001        LDRB             r0, [r1], #1 ; r0 is temp varia
                                                            ble for char
   24 00000034 E350000D        CMP              r0, #CR     ; check if characto
                                                            r is same as CR
   25 00000038 0A000004        BEQ              end_copy    ; end of copying st
                                                            ring
   26 0000003C E3500020        CMP              r0, #0x20   ; check with space
   27 00000040 14C20001        STRBNE           r0, [r2], #1 ; save char to r2
   28 00000044 12844001        ADDNE            r4, #1      ; increase j (lengt
                                                            h of arr2)
   29 00000048 E2833001        ADD              r3, #1      ; increase i
   30 0000004C EAFFFFF7        B                copy_arr1_to_arr2
   31 00000050         end_copy
   32 00000050 E92D0010        STMFD            sp!, {r4}
   33 00000054 E8BD007F        LDMFD            sp!, {r0-r6}
   34 00000058 E1A0F00E        MOV              pc, lr      ; exit from functio
                                                            n
   35 0000005C         
   36 0000005C         endline
   37 0000005C E1A0F00E        MOV              pc, lr
   38 00000060         
   39 00000060         
   40 00000060         ;dataArray, DATA
   41 00000060         k
   42 00000060 00              DCB              0
   43 00000061         Arr1
   44 00000061 48 65 6C 
              6C 6F 2C 
              20 57 6F 
              72 6C 64 
              0D               DCB              "Hello, World", CR
   45 0000006E 00 00           ALIGN
   46 00000070         Arr2
   47 00000070 00              DCB              0
   48 00000071         



ARM Macro Assembler    Page 2 


   49 00000071                 END
              00 00 00 
              00000000 
              00000000 
              00000000 
Command Line: --debug --xref --diag_suppress=9931 --cpu=ARM9E --apcs=interwork 
--depend=.\objects\problem.d -o.\objects\problem.o -IC:\Keil_v5\ARM\RV31\INC -I
C:\Keil_v5\ARM\CMSIS\Include --predefine="__EVAL SETA 1" --predefine="__UVISION
_VERSION SETA 529" --list=.\listings\problem.lst problem.s



ARM Macro Assembler    Page 1 Alphabetic symbol ordering
Relocatable symbols

ARMex 00000000

Symbol: ARMex
   Definitions
      At line 3 in file problem.s
   Uses
      None
Comment: ARMex unused
Arr1 00000061

Symbol: Arr1
   Definitions
      At line 43 in file problem.s
   Uses
      At line 10 in file problem.s
Comment: Arr1 used once
Arr2 00000070

Symbol: Arr2
   Definitions
      At line 46 in file problem.s
   Uses
      At line 11 in file problem.s
Comment: Arr2 used once
copy_arr1_to_arr2 00000030

Symbol: copy_arr1_to_arr2
   Definitions
      At line 22 in file problem.s
   Uses
      At line 30 in file problem.s
Comment: copy_arr1_to_arr2 used once
copy_arr_wo_space 00000020

Symbol: copy_arr_wo_space
   Definitions
      At line 16 in file problem.s
   Uses
      At line 12 in file problem.s
Comment: copy_arr_wo_space used once
end_copy 00000050

Symbol: end_copy
   Definitions
      At line 31 in file problem.s
   Uses
      At line 25 in file problem.s
Comment: end_copy used once
endline 0000005C

Symbol: endline
   Definitions
      At line 36 in file problem.s
   Uses
      At line 14 in file problem.s
Comment: endline used once
k 00000060

Symbol: k



ARM Macro Assembler    Page 2 Alphabetic symbol ordering
Relocatable symbols

   Definitions
      At line 41 in file problem.s
   Uses
      At line 7 in file problem.s
Comment: k used once
start 00000000

Symbol: start
   Definitions
      At line 6 in file problem.s
   Uses
      None
Comment: start unused
9 symbols



ARM Macro Assembler    Page 1 Alphabetic symbol ordering
Absolute symbols

CR 0000000D

Symbol: CR
   Definitions
      At line 1 in file problem.s
   Uses
      At line 24 in file problem.s
      At line 44 in file problem.s

1 symbol
344 symbols in table
